<?xml version="1.0" encoding="UTF-8"?>
<testng-results ignored="0" total="1" passed="1" failed="0" skipped="0">
  <reporter-output>
  </reporter-output>
  <suite started-at="2021-01-10T17:55:27Z" name="Default suite" finished-at="2021-01-10T17:55:43Z" duration-ms="15995">
    <groups>
    </groups>
    <test started-at="2021-01-10T17:55:27Z" name="Default test" finished-at="2021-01-10T17:55:43Z" duration-ms="15995">
      <class name="org.tabletest.WebTableAutomation">
        <test-method is-config="true" signature="systemLoad()[pri:0, instance:org.tabletest.WebTableAutomation@2b9ed6da]" started-at="2021-01-10T17:55:27Z" name="systemLoad" finished-at="2021-01-10T17:55:32Z" duration-ms="4601" status="PASS">
          <reporter-output>
          </reporter-output>
        </test-method> <!-- systemLoad -->
        <test-method is-config="true" signature="beforeExecutionDate()[pri:0, instance:org.tabletest.WebTableAutomation@2b9ed6da]" started-at="2021-01-10T17:55:32Z" name="beforeExecutionDate" finished-at="2021-01-10T17:55:32Z" duration-ms="21" status="PASS">
          <reporter-output>
          </reporter-output>
        </test-method> <!-- beforeExecutionDate -->
        <test-method signature="tableTesting(java.lang.String, java.lang.String, java.lang.String, java.lang.String, java.lang.String, java.lang.String, java.lang.String, java.lang.String, java.lang.String, java.lang.String, java.lang.String, java.lang.String)[pri:0, instance:org.tabletest.WebTableAutomation@2b9ed6da]" started-at="2021-01-10T17:55:32Z" name="tableTesting" finished-at="2021-01-10T17:55:43Z" duration-ms="11264" status="PASS">
          <params>
            <param index="0">
              <value>
                <![CDATA[Paris]]>
              </value>
            </param>
            <param index="1">
              <value>
                <![CDATA[London]]>
              </value>
            </param>
            <param index="2">
              <value>
                <![CDATA[Sneha.R]]>
              </value>
            </param>
            <param index="3">
              <value>
                <![CDATA[5/513 B5 Krishnanagar]]>
              </value>
            </param>
            <param index="4">
              <value>
                <![CDATA[Tuticorin]]>
              </value>
            </param>
            <param index="5">
              <value>
                <![CDATA[Tamilnadu]]>
              </value>
            </param>
            <param index="6">
              <value>
                <![CDATA[628503]]>
              </value>
            </param>
            <param index="7">
              <value>
                <![CDATA[American Express]]>
              </value>
            </param>
            <param index="8">
              <value>
                <![CDATA[7894561237894562]]>
              </value>
            </param>
            <param index="9">
              <value>
                <![CDATA[07]]>
              </value>
            </param>
            <param index="10">
              <value>
                <![CDATA[2023]]>
              </value>
            </param>
            <param index="11">
              <value>
                <![CDATA[sneha]]>
              </value>
            </param>
          </params>
          <reporter-output>
          </reporter-output>
        </test-method> <!-- tableTesting -->
        <test-method is-config="true" signature="afterExecutionDate()[pri:0, instance:org.tabletest.WebTableAutomation@2b9ed6da]" started-at="2021-01-10T17:55:43Z" name="afterExecutionDate" finished-at="2021-01-10T17:55:43Z" duration-ms="1" status="PASS">
          <reporter-output>
          </reporter-output>
        </test-method> <!-- afterExecutionDate -->
        <test-method is-config="true" signature="close()[pri:0, instance:org.tabletest.WebTableAutomation@2b9ed6da]" started-at="2021-01-10T17:55:43Z" name="close" finished-at="2021-01-10T17:55:43Z" duration-ms="63" status="PASS">
          <reporter-output>
          </reporter-output>
        </test-method> <!-- close -->
      </class> <!-- org.tabletest.WebTableAutomation -->
    </test> <!-- Default test -->
  </suite> <!-- Default suite -->
</testng-results>
